TN:
SF:src\teste.js
FNF:0
FNH:0
DA:1,1
DA:2,1
DA:3,1
DA:4,1
DA:5,1
DA:6,1
DA:7,1
DA:8,1
DA:9,1
DA:10,1
DA:11,1
DA:12,1
DA:13,1
DA:14,1
DA:15,1
LF:15
LH:15
BRF:0
BRH:0
end_of_record
TN:
SF:src\controller\char.controller.js
FN:8,listAllChar
FN:15,listChar
FN:28,listCharComic
FN:41,listCharEvents
FN:54,listCharSeries
FN:67,listCharStories
FN:80,endUrl
FNF:7
FNH:7
FNDA:1,listAllChar
FNDA:2,listChar
FNDA:2,listCharComic
FNDA:2,listCharEvents
FNDA:2,listCharSeries
FNDA:2,listCharStories
FNDA:11,endUrl
DA:1,1
DA:2,1
DA:3,1
DA:4,1
DA:5,1
DA:6,1
DA:7,1
DA:8,1
DA:9,1
DA:10,1
DA:11,1
DA:12,1
DA:13,1
DA:14,1
DA:15,1
DA:16,2
DA:17,2
DA:18,2
DA:19,2
DA:20,1
DA:21,2
DA:22,1
DA:23,1
DA:24,1
DA:25,1
DA:26,2
DA:27,1
DA:28,1
DA:29,2
DA:30,2
DA:31,2
DA:32,2
DA:33,1
DA:34,2
DA:35,1
DA:36,1
DA:37,1
DA:38,1
DA:39,2
DA:40,1
DA:41,1
DA:42,2
DA:43,2
DA:44,2
DA:45,2
DA:46,1
DA:47,2
DA:48,1
DA:49,1
DA:50,1
DA:51,1
DA:52,2
DA:53,1
DA:54,1
DA:55,2
DA:56,2
DA:57,2
DA:58,2
DA:59,1
DA:60,2
DA:61,1
DA:62,1
DA:63,1
DA:64,1
DA:65,2
DA:66,1
DA:67,1
DA:68,2
DA:69,2
DA:70,2
DA:71,2
DA:72,1
DA:73,2
DA:74,1
DA:75,1
DA:76,1
DA:77,1
DA:78,2
DA:79,1
DA:80,11
DA:81,11
DA:82,11
DA:83,1
DA:84,1
DA:85,1
DA:86,1
DA:87,1
DA:88,1
DA:89,1
DA:90,1
DA:91,1
LF:91
LH:91
BRDA:8,0,0,1
BRDA:10,1,0,1
BRDA:15,2,0,2
BRDA:19,3,0,1
BRDA:21,4,0,1
BRDA:28,5,0,2
BRDA:32,6,0,1
BRDA:34,7,0,1
BRDA:41,8,0,2
BRDA:45,9,0,1
BRDA:47,10,0,1
BRDA:54,11,0,2
BRDA:58,12,0,1
BRDA:60,13,0,1
BRDA:67,14,0,2
BRDA:71,15,0,1
BRDA:73,16,0,1
BRDA:80,17,0,11
BRF:18
BRH:18
end_of_record
TN:
SF:src\routes\char.Route.js
FNF:0
FNH:0
DA:1,1
DA:2,1
DA:3,1
DA:4,1
DA:5,1
DA:6,1
DA:7,1
DA:8,1
DA:9,1
DA:10,1
DA:11,1
DA:12,1
DA:13,1
DA:14,1
DA:15,1
DA:16,1
DA:17,1
DA:18,1
DA:19,1
DA:20,1
DA:21,1
DA:22,1
LF:22
LH:22
BRF:0
BRH:0
end_of_record
